Arguments: 
  /usr/local/bin/node /usr/local/Cellar/yarn/1.22.4/libexec/bin/yarn.js install

PATH: 
  /usr/local/bin:/usr/bin:/bin:/usr/sbin:/sbin:/Library/Apple/usr/bin

Yarn version: 
  1.22.4

Node version: 
  14.8.0

Platform: 
  darwin x64

Trace: 
  SyntaxError: /Users/macbookpro/Desktop/Proyects/MyEconomy/package.json: Unexpected token / in JSON at position 521
      at JSON.parse (<anonymous>)
      at /usr/local/Cellar/yarn/1.22.4/libexec/lib/cli.js:1625:59
      at Generator.next (<anonymous>)
      at step (/usr/local/Cellar/yarn/1.22.4/libexec/lib/cli.js:310:30)
      at /usr/local/Cellar/yarn/1.22.4/libexec/lib/cli.js:321:13

npm manifest: 
  {
    "main": "node_modules/expo/AppEntry.js",
    "scripts": {
      "start": "expo start",
      "android": "expo start --android",
      "ios": "expo start --ios",
      "web": "expo start --web",
      "eject": "expo eject"
    },
    "dependencies": {
      "@expo/vector-icons": "^10.2.1",
      "@react-native-async-storage/async-storage": "^1.13.2",
      "@react-native-community/async-storage": "^1.12.0",
      "@react-native-community/datetimepicker": "3.0.0",
      "@react-native-community/picker": "1.6.6",
      "expo": "^39.0.0",
      //"expo-  ": "~8.2.0",
      "expo-status-bar": "~1.0.2",
      "formik": "^2.1.5",
      "react": "16.13.1",
      "react-dom": "16.13.1",
      "react-native": "https://github.com/expo/react-native/archive/sdk-39.0.0.tar.gz",
      "react-native-appearance": "^0.3.4",
      "react-native-modal": "^11.5.6",
      "react-native-status-bar-height": "^2.5.0",
      "react-native-web": "~0.13.7",
      "react-redux": "^7.2",
      "react-router-native": "^5.2.0",
      "redux": "^4.0.5"
    },
    "devDependencies": {
      "@babel/core": "^7.8.6",
      "@babel/eslint-plugin": "^7.12.1",
      "babel-eslint": "^8.2.6",
      "babel-preset-expo": "^8.3.0",
      "eslint": "^7.13.0",
      "eslint-config-airbnb": "^18.2.1",
      "eslint-config-google": "^0.14.0",
      "eslint-config-prettier": "^6.15.0",
      "eslint-plugin-flowtype": "^5.2.0",
      "eslint-plugin-import": "^2.22.1",
      "eslint-plugin-jsx-a11y": "^6.4.1",
      "eslint-plugin-prettier": "^3.1.4",
      "eslint-plugin-react": "^7.21.5",
      "eslint-plugin-react-hooks": "^4.2.0",
      "prettier": "^2.1.2"
    },
    "private": true
  }

yarn manifest: 
  No manifest

Lockfile: 
  No lockfile
